Running: /opt/Xilinx/14.7/ISE_DS/ISE/bin/lin64/unwrapped/fuse -intstyle ise -incremental -lib unisims_ver -lib unimacro_ver -lib xilinxcorelib_ver -o /home/ise/ise_projects/TwoDigitCounter/two_digit_tb_isim_beh.exe -prj /home/ise/ise_projects/TwoDigitCounter/two_digit_tb_beh.prj work.two_digit_tb work.glbl 
ISim P.20131013 (signature 0xfbc00daa)
Number of CPUs detected in this system: 1
Turning on mult-threading, number of parallel sub-compilation jobs: 0 
Determining compilation order of HDL files
Analyzing Verilog file "/home/ise/ise_projects/TwoDigitCounter/SevenSeg.v" into library work
Analyzing Verilog file "/home/ise/ise_projects/TwoDigitCounter/freq_div.v" into library work
Analyzing Verilog file "/home/ise/ise_projects/TwoDigitCounter/two_digit.v" into library work
Analyzing Verilog file "/home/ise/ise_projects/TwoDigitCounter/two_digit_tb.v" into library work
Analyzing Verilog file "/opt/Xilinx/14.7/ISE_DS/ISE//verilog/src/glbl.v" into library work
Starting static elaboration
Completed static elaboration
Fuse Memory Usage: 94916 KB
Fuse CPU Usage: 1820 ms
Compiling module SevenSeg
Compiling module freq_div
Compiling module two_digit
Compiling module _7seg_to_dec
Compiling module two_digit_tb
Compiling module glbl
Time Resolution for simulation is 1ps.
Compiled 6 Verilog Units
Built simulation executable /home/ise/ise_projects/TwoDigitCounter/two_digit_tb_isim_beh.exe
Fuse Memory Usage: 98080 KB
Fuse CPU Usage: 1890 ms
GCC CPU Usage: 660 ms
