ISim log file
Running: /home/ise/ise_projects/VendingMachine/vending_machine_tb_isim_beh.exe -intstyle ise -gui -tclbatch isim.cmd -wdb /home/ise/ise_projects/VendingMachine/vending_machine_tb_isim_beh.wdb 
INFO: There is another simulation running in the same directory. Using database file name isim1.wdb.
ISim P.20131013 (signature 0xfbc00daa)
----------------------------------------------------------------------
WARNING:Security:42 - Your software subscription period has lapsed. Your current version of Xilinx tools will continue to function, but you no longer qualify for Xilinx software updates or new releases.


----------------------------------------------------------------------
This is a Full version of ISim.
Time resolution is 1 ps
# onerror resume
# wave add /
# run 1000 ns
Simulator is doing circuit initialization process.
Starting Vending Machine Test!
Finished circuit initialization process.
Test 1: Nickel - Nickel - Nickel - Nickel - Reset
Test 2: Dime - Dime - Reset
Test 3: Hold - Nickel - Hold - Dime - Nickel - Reset - Dime - Hold - Hold - Nickel - Dime - Reset
[Test Results]
Test           0 passed
Test           1 passed
Test           2 passed
Stopped at time : 840 ns : File "/home/ise/ise_projects/VendingMachine/vending_machine_tb.v" Line 151
# exit 0
