Running: /opt/Xilinx/14.7/ISE_DS/ISE/bin/lin64/unwrapped/fuse -intstyle ise -incremental -lib unisims_ver -lib unimacro_ver -lib xilinxcorelib_ver -lib secureip -o /home/ise/ise_projects/Shifter/shift_reg_8b_tb_isim_beh.exe -prj /home/ise/ise_projects/Shifter/shift_reg_8b_tb_beh.prj work.shift_reg_8b_tb work.glbl 
ISim P.20131013 (signature 0xfbc00daa)
Number of CPUs detected in this system: 1
Turning on mult-threading, number of parallel sub-compilation jobs: 0 
Determining compilation order of HDL files
Analyzing Verilog file "/home/ise/ise_projects/Shifter/../shift_reg_8b.v" into library work
Analyzing Verilog file "/home/ise/ise_projects/Shifter/shift_reg_8b_tb.v" into library work
Analyzing Verilog file "/opt/Xilinx/14.7/ISE_DS/ISE//verilog/src/glbl.v" into library work
Starting static elaboration
Completed static elaboration
Fuse Memory Usage: 94928 KB
Fuse CPU Usage: 1840 ms
Compiling module shift_reg_8b
Compiling module shift_reg_8b_tb
Compiling module glbl
Time Resolution for simulation is 1ps.
Compiled 3 Verilog Units
Built simulation executable /home/ise/ise_projects/Shifter/shift_reg_8b_tb_isim_beh.exe
Fuse Memory Usage: 98032 KB
Fuse CPU Usage: 1870 ms
GCC CPU Usage: 390 ms
