Running: /opt/Xilinx/14.7/ISE_DS/ISE/bin/lin64/unwrapped/fuse -intstyle ise -incremental -lib unisims_ver -lib unimacro_ver -lib xilinxcorelib_ver -o /home/ise/ise_projects/Homework4/full_mux_tb_isim_beh.exe -prj /home/ise/ise_projects/Homework4/full_mux_tb_beh.prj work.full_mux_tb work.glbl 
ISim P.20131013 (signature 0xfbc00daa)
Number of CPUs detected in this system: 1
Turning on mult-threading, number of parallel sub-compilation jobs: 0 
Determining compilation order of HDL files
Analyzing Verilog file "/home/ise/ise_projects/Homework4/four_to_one.v" into library work
Analyzing Verilog file "/home/ise/ise_projects/Homework4/full_mux.v" into library work
Analyzing Verilog file "/home/ise/ise_projects/Homework4/full_mux_tb.v" into library work
Analyzing Verilog file "/opt/Xilinx/14.7/ISE_DS/ISE//verilog/src/glbl.v" into library work
Starting static elaboration
Completed static elaboration
Fuse Memory Usage: 94916 KB
Fuse CPU Usage: 1130 ms
Compiling module four_to_one
Compiling module full_mux
Compiling module full_mux_tb
Compiling module glbl
Time Resolution for simulation is 1ps.
Compiled 4 Verilog Units
Built simulation executable /home/ise/ise_projects/Homework4/full_mux_tb_isim_beh.exe
Fuse Memory Usage: 98160 KB
Fuse CPU Usage: 1160 ms
GCC CPU Usage: 330 ms
