Release 14.7 - xst P.20131013 (lin64)
Copyright (c) 1995-2013 Xilinx, Inc.  All rights reserved.
--> 
Parameter TMPDIR set to xst/projnav.tmp


Total REAL time to Xst completion: 0.00 secs
Total CPU time to Xst completion: 0.11 secs
 
--> 
Parameter xsthdpdir set to xst


Total REAL time to Xst completion: 0.00 secs
Total CPU time to Xst completion: 0.11 secs
 
--> 
Reading design: seg.prj

TABLE OF CONTENTS
  1) Synthesis Options Summary
  2) HDL Compilation
  3) Design Hierarchy Analysis
  4) HDL Analysis
  5) HDL Synthesis
     5.1) HDL Synthesis Report
  6) Advanced HDL Synthesis
     6.1) Advanced HDL Synthesis Report
  7) Low Level Synthesis
  8) Partition Report
  9) Final Report
	9.1) Device utilization summary
	9.2) Partition Resource Summary
	9.3) TIMING REPORT


=========================================================================
*                      Synthesis Options Summary                        *
=========================================================================
---- Source Parameters
Input File Name                    : "seg.prj"
Input Format                       : mixed
Ignore Synthesis Constraint File   : NO

---- Target Parameters
Output File Name                   : "seg"
Output Format                      : NGC
Target Device                      : xc3s50an-4-tqg144

---- Source Options
Top Module Name                    : seg
Automatic FSM Extraction           : YES
FSM Encoding Algorithm             : Auto
Safe Implementation                : No
FSM Style                          : LUT
RAM Extraction                     : Yes
RAM Style                          : Auto
ROM Extraction                     : Yes
Mux Style                          : Auto
Decoder Extraction                 : YES
Priority Encoder Extraction        : Yes
Shift Register Extraction          : YES
Logical Shifter Extraction         : YES
XOR Collapsing                     : YES
ROM Style                          : Auto
Mux Extraction                     : Yes
Resource Sharing                   : YES
Asynchronous To Synchronous        : NO
Multiplier Style                   : Auto
Automatic Register Balancing       : No

---- Target Options
Add IO Buffers                     : YES
Global Maximum Fanout              : 500
Add Generic Clock Buffer(BUFG)     : 24
Register Duplication               : YES
Slice Packing                      : YES
Optimize Instantiated Primitives   : NO
Use Clock Enable                   : Yes
Use Synchronous Set                : Yes
Use Synchronous Reset              : Yes
Pack IO Registers into IOBs        : Auto
Equivalent register Removal        : YES

---- General Options
Optimization Goal                  : Speed
Optimization Effort                : 1
Keep Hierarchy                     : No
Netlist Hierarchy                  : As_Optimized
RTL Output                         : Yes
Global Optimization                : AllClockNets
Read Cores                         : YES
Write Timing Constraints           : NO
Cross Clock Analysis               : NO
Hierarchy Separator                : /
Bus Delimiter                      : <>
Case Specifier                     : Maintain
Slice Utilization Ratio            : 100
BRAM Utilization Ratio             : 100
Verilog 2001                       : YES
Auto BRAM Packing                  : NO
Slice Utilization Ratio Delta      : 5

=========================================================================


=========================================================================
*                          HDL Compilation                              *
=========================================================================
Compiling verilog file "seg7_display.v" in library work
ERROR:HDLCompilers:26 - "seg7_display.v" line 187 unexpected token: ')'
ERROR:HDLCompilers:26 - "seg7_display.v" line 187 expecting ')', found ';'
ERROR:HDLCompilers:26 - "seg7_display.v" line 200 unexpected token: ')'
ERROR:HDLCompilers:26 - "seg7_display.v" line 200 expecting ')', found ';'
Compiling verilog file "seg.v" in library work
Module <seg7_display> compiled
ERROR:HDLCompilers:26 - "seg.v" line 38 unexpected token: '4'
ERROR:HDLCompilers:26 - "seg.v" line 39 unexpected token: '4'
ERROR:HDLCompilers:26 - "seg.v" line 40 unexpected token: '4'
ERROR:HDLCompilers:26 - "seg.v" line 41 unexpected token: '4'
ERROR:HDLCompilers:26 - "seg.v" line 42 unexpected token: '4'
ERROR:HDLCompilers:26 - "seg.v" line 43 unexpected token: '4'
ERROR:HDLCompilers:26 - "seg.v" line 44 unexpected token: '4'
ERROR:HDLCompilers:26 - "seg.v" line 45 unexpected token: '4'
ERROR:HDLCompilers:26 - "seg.v" line 46 unexpected token: '4'
ERROR:HDLCompilers:26 - "seg.v" line 47 unexpected token: '4'
ERROR:HDLCompilers:26 - "seg.v" line 48 unexpected token: '4'
ERROR:HDLCompilers:26 - "seg.v" line 49 unexpected token: '4'
ERROR:HDLCompilers:26 - "seg.v" line 50 unexpected token: '4'
ERROR:HDLCompilers:26 - "seg.v" line 51 unexpected token: '4'
ERROR:HDLCompilers:26 - "seg.v" line 52 unexpected token: '4'
ERROR:HDLCompilers:26 - "seg.v" line 53 unexpected token: '4'
Module <seg> compiled
Analysis of file <"seg.prj"> failed.
--> 


Total memory usage is 586004 kilobytes

Number of errors   :   20 (   0 filtered)
Number of warnings :    0 (   0 filtered)
Number of infos    :    0 (   0 filtered)

